d:\fast github\semester 2\gui\project1\project1\x64\debug\vc143.pdb
d:\fast github\semester 2\gui\project1\project1\x64\debug\.netframework,version=v4.7.2.assemblyattributes.obj
d:\fast github\semester 2\gui\project1\project1\x64\debug\myform.obj
d:\fast github\semester 2\gui\project1\project1\x64\debug\homepage.obj
d:\fast github\semester 2\gui\project1\project1\x64\debug\project1.myform.resources
d:\fast github\semester 2\gui\project1\project1\x64\debug\project1.vcxproj.generateresource.cache
d:\fast github\semester 2\gui\project1\project1\x64\debug\project1.vcxproj.suggestedbindingredirects.cache
d:\fast github\semester 2\gui\project1\x64\debug\project1.pdb
d:\fast github\semester 2\gui\project1\project1\x64\debug\project1.tlog\cl.command.1.tlog
d:\fast github\semester 2\gui\project1\project1\x64\debug\project1.tlog\cl.read.1.tlog
d:\fast github\semester 2\gui\project1\project1\x64\debug\project1.tlog\cl.write.1.tlog
d:\fast github\semester 2\gui\project1\project1\x64\debug\project1.tlog\link.12588-cvtres.read.1.tlog
d:\fast github\semester 2\gui\project1\project1\x64\debug\project1.tlog\link.12588-cvtres.write.1.tlog
d:\fast github\semester 2\gui\project1\project1\x64\debug\project1.tlog\link.12588-rc.read.1.tlog
d:\fast github\semester 2\gui\project1\project1\x64\debug\project1.tlog\link.12588-rc.write.1.tlog
d:\fast github\semester 2\gui\project1\project1\x64\debug\project1.tlog\link.12588.read.1.tlog
d:\fast github\semester 2\gui\project1\project1\x64\debug\project1.tlog\link.12588.read.2.tlog
d:\fast github\semester 2\gui\project1\project1\x64\debug\project1.tlog\link.12588.write.1.tlog
d:\fast github\semester 2\gui\project1\project1\x64\debug\project1.tlog\link.command.1.tlog
d:\fast github\semester 2\gui\project1\project1\x64\debug\project1.tlog\link.read.1.tlog
d:\fast github\semester 2\gui\project1\project1\x64\debug\project1.tlog\link.read.2.tlog
d:\fast github\semester 2\gui\project1\project1\x64\debug\project1.tlog\link.write.1.tlog
d:\fast github\semester 2\gui\project1\project1\x64\debug\project1.tlog\metagen.read.1.tlog
d:\fast github\semester 2\gui\project1\project1\x64\debug\project1.tlog\metagen.write.1.tlog
d:\fast github\semester 2\gui\project1\project1\x64\debug\project1.tlog\project1.write.1u.tlog
