d:\fast github\semester 2\gui\vs\2\cppwinformsapp1\cppwinformsapp1\x64\debug\vc143.pdb
d:\fast github\semester 2\gui\vs\2\cppwinformsapp1\cppwinformsapp1\x64\debug\.netframework,version=v4.8.assemblyattributes.obj
d:\fast github\semester 2\gui\vs\2\cppwinformsapp1\cppwinformsapp1\x64\debug\myform.obj
d:\fast github\semester 2\gui\vs\2\cppwinformsapp1\cppwinformsapp1\x64\debug\cppwinformsapp1.vcxproj.assemblyreference.cache
d:\fast github\semester 2\gui\vs\2\cppwinformsapp1\cppwinformsapp1\x64\debug\cppwinformsapp1.vcxproj.suggestedbindingredirects.cache
d:\fast github\semester 2\gui\vs\2\cppwinformsapp1\x64\debug\cppwinformsapp1.pdb
d:\fast github\semester 2\gui\vs\2\cppwinformsapp1\cppwinformsapp1\x64\debug\cppwinformsapp1.tlog\cl.command.1.tlog
d:\fast github\semester 2\gui\vs\2\cppwinformsapp1\cppwinformsapp1\x64\debug\cppwinformsapp1.tlog\cl.read.1.tlog
d:\fast github\semester 2\gui\vs\2\cppwinformsapp1\cppwinformsapp1\x64\debug\cppwinformsapp1.tlog\cl.write.1.tlog
d:\fast github\semester 2\gui\vs\2\cppwinformsapp1\cppwinformsapp1\x64\debug\cppwinformsapp1.tlog\link.21320.read.1.tlog
d:\fast github\semester 2\gui\vs\2\cppwinformsapp1\cppwinformsapp1\x64\debug\cppwinformsapp1.tlog\link.21320.read.2.tlog
d:\fast github\semester 2\gui\vs\2\cppwinformsapp1\cppwinformsapp1\x64\debug\cppwinformsapp1.tlog\link.21320.write.1.tlog
d:\fast github\semester 2\gui\vs\2\cppwinformsapp1\cppwinformsapp1\x64\debug\cppwinformsapp1.tlog\link.5948.read.1.tlog
d:\fast github\semester 2\gui\vs\2\cppwinformsapp1\cppwinformsapp1\x64\debug\cppwinformsapp1.tlog\link.5948.read.2.tlog
d:\fast github\semester 2\gui\vs\2\cppwinformsapp1\cppwinformsapp1\x64\debug\cppwinformsapp1.tlog\link.5948.write.1.tlog
d:\fast github\semester 2\gui\vs\2\cppwinformsapp1\cppwinformsapp1\x64\debug\cppwinformsapp1.tlog\link.command.1.tlog
d:\fast github\semester 2\gui\vs\2\cppwinformsapp1\cppwinformsapp1\x64\debug\cppwinformsapp1.tlog\link.read.1.tlog
d:\fast github\semester 2\gui\vs\2\cppwinformsapp1\cppwinformsapp1\x64\debug\cppwinformsapp1.tlog\link.read.2.tlog
d:\fast github\semester 2\gui\vs\2\cppwinformsapp1\cppwinformsapp1\x64\debug\cppwinformsapp1.tlog\link.write.1.tlog
d:\fast github\semester 2\gui\vs\2\cppwinformsapp1\cppwinformsapp1\x64\debug\cppwinformsapp1.tlog\metagen.read.1.tlog
d:\fast github\semester 2\gui\vs\2\cppwinformsapp1\cppwinformsapp1\x64\debug\cppwinformsapp1.tlog\metagen.write.1.tlog
