d:\fast github\semester 2\gui\vs\1\firstgui\firstgui\x64\debug\vc143.pdb
d:\fast github\semester 2\gui\vs\1\firstgui\firstgui\x64\debug\.netframework,version=v4.7.2.assemblyattributes.obj
d:\fast github\semester 2\gui\vs\1\firstgui\firstgui\x64\debug\loginform.obj
d:\fast github\semester 2\gui\vs\1\firstgui\firstgui\x64\debug\firstgui.loginform.resources
d:\fast github\semester 2\gui\vs\1\firstgui\firstgui\x64\debug\firstgui.vcxproj.assemblyreference.cache
d:\fast github\semester 2\gui\vs\1\firstgui\firstgui\x64\debug\firstgui.vcxproj.generateresource.cache
d:\fast github\semester 2\gui\vs\1\firstgui\firstgui\x64\debug\firstgui.vcxproj.suggestedbindingredirects.cache
d:\fast github\semester 2\gui\vs\1\firstgui\x64\debug\firstgui.pdb
d:\fast github\semester 2\gui\vs\1\firstgui\firstgui\x64\debug\firstgui.tlog\cl.command.1.tlog
d:\fast github\semester 2\gui\vs\1\firstgui\firstgui\x64\debug\firstgui.tlog\cl.read.1.tlog
d:\fast github\semester 2\gui\vs\1\firstgui\firstgui\x64\debug\firstgui.tlog\cl.write.1.tlog
d:\fast github\semester 2\gui\vs\1\firstgui\firstgui\x64\debug\firstgui.tlog\firstgui.write.1u.tlog
d:\fast github\semester 2\gui\vs\1\firstgui\firstgui\x64\debug\firstgui.tlog\link.19008.read.1.tlog
d:\fast github\semester 2\gui\vs\1\firstgui\firstgui\x64\debug\firstgui.tlog\link.19008.read.2.tlog
d:\fast github\semester 2\gui\vs\1\firstgui\firstgui\x64\debug\firstgui.tlog\link.19008.write.1.tlog
d:\fast github\semester 2\gui\vs\1\firstgui\firstgui\x64\debug\firstgui.tlog\link.8440.read.1.tlog
d:\fast github\semester 2\gui\vs\1\firstgui\firstgui\x64\debug\firstgui.tlog\link.8440.read.2.tlog
d:\fast github\semester 2\gui\vs\1\firstgui\firstgui\x64\debug\firstgui.tlog\link.8440.write.1.tlog
d:\fast github\semester 2\gui\vs\1\firstgui\firstgui\x64\debug\firstgui.tlog\link.command.1.tlog
d:\fast github\semester 2\gui\vs\1\firstgui\firstgui\x64\debug\firstgui.tlog\link.read.1.tlog
d:\fast github\semester 2\gui\vs\1\firstgui\firstgui\x64\debug\firstgui.tlog\link.read.2.tlog
d:\fast github\semester 2\gui\vs\1\firstgui\firstgui\x64\debug\firstgui.tlog\link.write.1.tlog
d:\fast github\semester 2\gui\vs\1\firstgui\firstgui\x64\debug\firstgui.tlog\metagen.read.1.tlog
d:\fast github\semester 2\gui\vs\1\firstgui\firstgui\x64\debug\firstgui.tlog\metagen.write.1.tlog
